
**** Build of configuration Debug for project IRS_Projekat ****

"C:\\ti\\ccs1110\\ccs\\utils\\bin\\gmake" -k -j 8 all -O 
 
Building file: "../main.c"
Invoking: MSP430 Compiler
"C:/ti/ccs1110/ccs/tools/compiler/ti-cgt-msp430_21.6.0.LTS/bin/cl430" --data_model=small -O0 --use_hw_mpy=none --include_path="C:/ti/ccs1110/ccs/ccs_base/msp430/include" --include_path="C:/Users/Mladen/Documents/github/irs-projekat/IRS_Projekat" --include_path="C:/ti/ccs1110/ccs/tools/compiler/ti-cgt-msp430_21.6.0.LTS/include" --advice:power="all" --define=__MSP430F5529__ -g --printf_support=minimal --diag_warning=225 --diag_wrap=off --display_error_number --silicon_errata=CPU21 --silicon_errata=CPU22 --silicon_errata=CPU23 --silicon_errata=CPU40 --preproc_with_compile --preproc_dependency="main.d_raw"  "../main.c"
"../main.c", line 185: remark #2553-D: (ULP 14.1) Array index (involving "i") of type "int8_t". Recommend using "unsigned char"
"../main.c", line 186: remark #2553-D: (ULP 14.1) Array index (involving "i") of type "int8_t". Recommend using "unsigned char"
"../main.c", line 187: remark #2553-D: (ULP 14.1) Array index (involving "i") of type "int8_t". Recommend using "unsigned char"
"../main.c", line 239: remark #2553-D: (ULP 14.1) Array index (involving "i") of type "int8_t". Recommend using "unsigned char"
"../main.c", line 251: remark #2553-D: (ULP 14.1) Array index (involving "i") of type "int8_t". Recommend using "unsigned char"
Finished building: "../main.c"
 
Building target: "IRS_Projekat.out"
Invoking: MSP430 Linker
"C:/ti/ccs1110/ccs/tools/compiler/ti-cgt-msp430_21.6.0.LTS/bin/cl430" --data_model=small -O0 --use_hw_mpy=none --advice:power="all" --define=__MSP430F5529__ -g --printf_support=minimal --diag_warning=225 --diag_wrap=off --display_error_number --silicon_errata=CPU21 --silicon_errata=CPU22 --silicon_errata=CPU23 --silicon_errata=CPU40 -z -m"IRS_Projekat.map" --heap_size=160 --stack_size=160 --cinit_hold_wdt=on -i"C:/ti/ccs1110/ccs/ccs_base/msp430/include" -i"C:/ti/ccs1110/ccs/ccs_base/msp430/lib/5xx_6xx_FRxx" -i"C:/ti/ccs1110/ccs/tools/compiler/ti-cgt-msp430_21.6.0.LTS/lib" -i"C:/ti/ccs1110/ccs/tools/compiler/ti-cgt-msp430_21.6.0.LTS/include" --reread_libs --diag_wrap=off --display_error_number --warn_sections --xml_link_info="IRS_Projekat_linkInfo.xml" --use_hw_mpy=none --rom_model -o "IRS_Projekat.out" "./ISR.obj" "./function.obj" "./main.obj" "../lnk_msp430f5529.cmd"  -llibmath.a -llibc.a 
<Linking>
warning #10204-D: could not resolve index library "libmath.a" to a compatible library
remark #10371-D: (ULP 1.1) Detected no uses of low power mode state changing instructions
remark #10372-D: (ULP 4.1) Detected uninitialized Port A in this project. Recommend initializing all unused ports to eliminate wasted current consumption on unused pins.
remark #10372-D: (ULP 4.1) Detected uninitialized Port C in this project. Recommend initializing all unused ports to eliminate wasted current consumption on unused pins.
remark #10372-D: (ULP 4.1) Detected uninitialized Port D in this project. Recommend initializing all unused ports to eliminate wasted current consumption on unused pins.
Finished building target: "IRS_Projekat.out"
 

**** Build Finished ****
